<?xml version="1.0" encoding="UTF-8"?>
<!-- Generated by org.testng.reporters.JUnitReportReporter -->
<testsuite hostname="DESKTOP-90LP3GB" failures="0" tests="1" name="com.project.TestCases.LoginTestCase" time="18.023" errors="0" timestamp="2024-01-17T12:03:15 IST" skipped="0">
  <testcase classname="com.project.TestCases.LoginTestCase" name="Login" time="18.023"/>
  <system-out/>
</testsuite> <!-- com.project.TestCases.LoginTestCase -->
